2025-05-29 19:45:33,560 - INFO - === INICIANDO ACTUALIZACIÓN DE STOCKS ===
2025-05-29 19:45:38,939 - INFO - Archivo principal cargado: 28758 productos
2025-05-29 19:45:38,945 - INFO - Procesando availability.csv...
2025-05-29 19:45:38,980 - ERROR - Columna 'Variant Id' no encontrada en availability.csv. Columnas disponibles: ['Variant Id","Instock']
2025-05-29 19:45:38,981 - INFO - Procesando ean_hanker.xlsx...
2025-05-29 19:45:38,982 - ERROR - Archivo no encontrado: ean_hanker.xlsx
2025-05-29 19:45:38,983 - INFO - Procesando extract_produit_tailles.csv...
2025-05-29 19:45:38,983 - ERROR - Archivo no encontrado: extract_produit_tailles.csv
2025-05-29 19:45:38,984 - INFO - Procesando infostock.txt.csv.csv...
2025-05-29 19:45:38,986 - ERROR - Archivo no encontrado: infostock.txt.csv.csv
2025-05-29 19:45:38,986 - INFO - Procesando informe-maesarti.csv...
2025-05-29 19:45:39,473 - ERROR - Columna 'ean' no encontrada en informe-maesarti.csv. Columnas disponibles: ['Artículo', 'Nombre Man.', 'Stock físico', 'Precio PVP', 'Precio mayoristas', 'Tipo IVA', 'Familia nombre', 'Código barras', 'Familia', 'Familia Exp.', 'Cantidad embalaje', 'Unnamed: 11']
2025-05-29 19:45:39,474 - INFO - Procesando stock myrco-sport.xlsx...
2025-05-29 19:45:39,475 - ERROR - Archivo no encontrado: stock myrco-sport.xlsx
2025-05-29 19:45:39,475 - INFO - Procesando stockssd.csv...
2025-05-29 19:46:02,125 - ERROR - Columna 'ean' no encontrada en stockssd.csv. Columnas disponibles: ['Código barras', 'Stock almacén ALM', 'Stock Internacional', 'Tarifa', 'PVPR', 'Descuentos', 'Producto', 'Nombre', 'Color', 'Talla', 'Descripción', 'Descripción Inglés', 'Unnamed: 12']
2025-05-29 19:46:02,128 - INFO - Procesando stocks-spiuk.csv...
2025-05-29 19:46:03,125 - ERROR - Columna 'ean' no encontrada en stocks-spiuk.csv. Columnas disponibles: ['--- REF ---;--- EAN ---;--- DESC ---;--- STOCK ---;--- PVT ---;--- PVP ---']
2025-05-29 19:46:03,183 - INFO - === REPORTE FINAL ===
2025-05-29 19:46:03,184 - INFO - ✅ Productos actualizados: 0
2025-05-29 19:46:03,184 - INFO - ⚠️  Productos sin actualizar: 26468
2025-05-29 19:46:03,184 - INFO - ❌ Errores de lectura: 8
2025-05-29 19:46:03,185 - INFO - 📄 Archivo generado: stocks_actualizados_20250529_194603.csv
2025-05-29 19:46:03,185 - WARNING - Archivos con errores: availability.csv, ean_hanker.xlsx, extract_produit_tailles.csv, infostock.txt.csv.csv, informe-maesarti.csv, stock myrco-sport.xlsx, stockssd.csv, stocks-spiuk.csv
