2025-05-29 20:09:12,967 - INFO - === INICIANDO ACTUALIZACIÓN DE STOCKS ===
2025-05-29 20:09:18,366 - INFO - Archivo principal cargado: 28758 productos
2025-05-29 20:09:18,372 - INFO - Procesando Availability.csv...
2025-05-29 20:09:18,380 - ERROR - Error leyendo Availability.csv: 'set' object is not subscriptable
2025-05-29 20:09:18,380 - INFO - Procesando CODIS EAN HANKER.xlsx...
2025-05-29 20:09:18,886 - ERROR - Columna 'ean' no encontrada en CODIS EAN HANKER.xlsx. Columnas disponibles: ['CÓDIGO DE BARRAS', 'STOCKPR', 'TIPO', 'SCRIPCIÓN DEL PRODUC', 'NOM_MIN', 'TALLA', 'TALLA2', 'DI COL', 'COLOR', 'PVP', 'esta_en_hb', 'NICK', 'CODART', 'TIPO.1', 'codart.taille', 'ESTAENOT4', 'ESTA_EN_NUEVOS', 'ID.HB']
2025-05-29 20:09:18,887 - INFO - Procesando extract_produits_tailles.csv...
2025-05-29 20:09:25,330 - ERROR - Columna 'codigo_barras' no encontrada en extract_produits_tailles.csv. Columnas disponibles: ['id', 'Nombre', 'Online', 'Categoría', 'Marca', 'Tipo de variante', 'Variación', 'id Variación', 'Código de barras', 'Precio Compra (sin IVA)', 'Proveedor', 'Ref. proveedor', 'Precio Venta', 'Impuesto', 'Precio Descuento', 'puntos +', 'puntos -', 'TRI FOR FUN, S.L.', 'Events (old)', 'Events']
2025-05-29 20:09:25,334 - INFO - Procesando head_Swimming_infostock.txt-1.csv...
2025-05-29 20:09:32,196 - ERROR - Error leyendo head_Swimming_infostock.txt-1.csv: Error tokenizing data. C error: Expected 1 fields in line 2640, saw 3

2025-05-29 20:09:32,197 - INFO - Procesando informe-maesarti.csv...
2025-05-29 20:09:32,663 - ERROR - Columna 'ean' no encontrada en informe-maesarti.csv. Columnas disponibles: ['Artículo', 'Nombre Man.', 'Stock físico', 'Precio PVP', 'Precio mayoristas', 'Tipo IVA', 'Familia nombre', 'Código barras', 'Familia', 'Familia Exp.', 'Cantidad embalaje', 'Unnamed: 11']
2025-05-29 20:09:32,664 - INFO - Procesando Stock Myrco Sport.xlsx...
2025-05-29 20:09:32,835 - ERROR - Columna 'ean' no encontrada en Stock Myrco Sport.xlsx. Columnas disponibles: ['Ean', 'Descripción', 'Stock', 'Marca']
2025-05-29 20:09:32,836 - INFO - Procesando STOCKSSD.CSV...
2025-05-29 20:09:55,703 - ERROR - Columna 'ean' no encontrada en STOCKSSD.CSV. Columnas disponibles: ['Código barras', 'Stock almacén ALM', 'Stock Internacional', 'Tarifa', 'PVPR', 'Descuentos', 'Producto', 'Nombre', 'Color', 'Talla', 'Descripción', 'Descripción Inglés', 'Unnamed: 12']
2025-05-29 20:09:55,705 - INFO - Procesando stocks-spiuk.csv...
2025-05-29 20:09:56,761 - ERROR - Columna 'ean' no encontrada en stocks-spiuk.csv. Columnas disponibles: ['--- REF ---;--- EAN ---;--- DESC ---;--- STOCK ---;--- PVT ---;--- PVP ---']
2025-05-29 20:09:56,803 - INFO - === REPORTE FINAL ===
2025-05-29 20:09:56,803 - INFO - ✅ Productos actualizados: 0
2025-05-29 20:09:56,804 - INFO - ⚠️  Productos sin actualizar: 26468
2025-05-29 20:09:56,804 - INFO - ❌ Errores de lectura: 8
2025-05-29 20:09:56,804 - INFO - 📄 Archivo generado: stocks_actualizados_20250529_200956.csv
2025-05-29 20:09:56,805 - WARNING - Archivos con errores: Availability.csv, CODIS EAN HANKER.xlsx, extract_produits_tailles.csv, head_Swimming_infostock.txt-1.csv, informe-maesarti.csv, Stock Myrco Sport.xlsx, STOCKSSD.CSV, stocks-spiuk.csv
