2025-05-29 15:43:00,805 - INFO - === INICIANDO ACTUALIZACIÓN DE STOCKS ===
2025-05-29 15:43:05,835 - INFO - Archivo principal cargado: 28758 productos
2025-05-29 15:43:05,842 - INFO - Procesando availability.csv...
2025-05-29 15:43:05,845 - ERROR - Columna 'ean' no encontrada en availability.csv. Columnas disponibles: ['Variant Id","Instock']
2025-05-29 15:43:05,845 - INFO - Procesando ean_hanker.xlsx...
2025-05-29 15:43:05,846 - ERROR - Archivo no encontrado: ean_hanker.xlsx
2025-05-29 15:43:05,847 - INFO - Procesando extract_produit_tailles.csv...
2025-05-29 15:43:05,848 - ERROR - Archivo no encontrado: extract_produit_tailles.csv
2025-05-29 15:43:05,849 - INFO - Procesando infostock.txt.csv.csv...
2025-05-29 15:43:05,849 - ERROR - Archivo no encontrado: infostock.txt.csv.csv
2025-05-29 15:43:05,850 - INFO - Procesando informe-maesarti.csv...
2025-05-29 15:43:05,853 - ERROR - Error leyendo informe-maesarti.csv: 'utf-8' codec can't decode byte 0xed in position 3: invalid continuation byte
2025-05-29 15:43:05,853 - INFO - Procesando stock myrco-sport.xlsx...
2025-05-29 15:43:05,856 - ERROR - Archivo no encontrado: stock myrco-sport.xlsx
2025-05-29 15:43:05,857 - INFO - Procesando stockssd.csv...
2025-05-29 15:43:05,866 - ERROR - Error leyendo stockssd.csv: 'utf-8' codec can't decode byte 0xf3 in position 1: invalid continuation byte
2025-05-29 15:43:05,868 - INFO - Procesando stocks-spiuk.csv...
2025-05-29 15:43:05,875 - ERROR - Error leyendo stocks-spiuk.csv: 'utf-8' codec can't decode byte 0xd1 in position 41: invalid continuation byte
2025-05-29 15:43:05,932 - INFO - === REPORTE FINAL ===
2025-05-29 15:43:05,933 - INFO - ✅ Productos actualizados: 0
2025-05-29 15:43:05,933 - INFO - ⚠️  Productos sin actualizar: 26468
2025-05-29 15:43:05,933 - INFO - ❌ Errores de lectura: 8
2025-05-29 15:43:05,934 - INFO - 📄 Archivo generado: stocks_actualizados_20250529_154305.csv
2025-05-29 15:43:05,934 - WARNING - Archivos con errores: availability.csv, ean_hanker.xlsx, extract_produit_tailles.csv, infostock.txt.csv.csv, informe-maesarti.csv, stock myrco-sport.xlsx, stockssd.csv, stocks-spiuk.csv
