2025-05-29 15:42:35,944 - INFO - === INICIANDO ACTUALIZACIÓN DE STOCKS ===
2025-05-29 15:42:41,035 - INFO - Archivo principal cargado: 28758 productos
2025-05-29 15:42:41,042 - INFO - Procesando availability.csv...
2025-05-29 15:42:41,066 - ERROR - Columna 'ean' no encontrada en availability.csv. Columnas disponibles: ['Variant Id","Instock']
2025-05-29 15:42:41,067 - INFO - Procesando ean_hanker.xlsx...
2025-05-29 15:42:41,077 - ERROR - Archivo no encontrado: ean_hanker.xlsx
2025-05-29 15:42:41,078 - INFO - Procesando extract_produit_tailles.csv...
2025-05-29 15:42:41,079 - ERROR - Archivo no encontrado: extract_produit_tailles.csv
2025-05-29 15:42:41,080 - INFO - Procesando infostock.txt.csv.csv...
2025-05-29 15:42:41,081 - ERROR - Archivo no encontrado: infostock.txt.csv.csv
2025-05-29 15:42:41,082 - INFO - Procesando informe-maesarti.csv...
2025-05-29 15:42:41,099 - ERROR - Error leyendo informe-maesarti.csv: 'utf-8' codec can't decode byte 0xed in position 3: invalid continuation byte
2025-05-29 15:42:41,099 - INFO - Procesando stock myrco-sport.xlsx...
2025-05-29 15:42:41,100 - ERROR - Archivo no encontrado: stock myrco-sport.xlsx
2025-05-29 15:42:41,101 - INFO - Procesando stockssd.csv...
2025-05-29 15:42:41,144 - ERROR - Error leyendo stockssd.csv: 'utf-8' codec can't decode byte 0xf3 in position 1: invalid continuation byte
2025-05-29 15:42:41,146 - INFO - Procesando stocks-spiuk.csv...
2025-05-29 15:42:41,170 - ERROR - Error leyendo stocks-spiuk.csv: 'utf-8' codec can't decode byte 0xd1 in position 41: invalid continuation byte
2025-05-29 15:42:41,217 - INFO - === REPORTE FINAL ===
2025-05-29 15:42:41,218 - INFO - ✅ Productos actualizados: 0
2025-05-29 15:42:41,218 - INFO - ⚠️  Productos sin actualizar: 26468
2025-05-29 15:42:41,219 - INFO - ❌ Errores de lectura: 8
2025-05-29 15:42:41,219 - INFO - 📄 Archivo generado: stocks_actualizados_20250529_154241.csv
2025-05-29 15:42:41,223 - WARNING - Archivos con errores: availability.csv, ean_hanker.xlsx, extract_produit_tailles.csv, infostock.txt.csv.csv, informe-maesarti.csv, stock myrco-sport.xlsx, stockssd.csv, stocks-spiuk.csv
